{
  "RSpec": {
    "coverage": {
      "/Users/benbalter/projects/github-records-archiver/lib/github_records_archiver.rb": [
        1,
        null,
        null,
        1,
        1,
        1,
        1,
        1,
        null,
        null,
        1,
        1,
        null,
        null,
        1,
        1,
        null,
        1,
        1,
        1,
        1,
        1,
        1,
        1,
        1,
        1,
        1,
        1,
        null,
        1,
        1,
        4,
        null,
        null,
        1,
        38,
        null,
        null,
        1,
        13,
        null,
        null,
        null
      ],
      "/Users/benbalter/projects/github-records-archiver/spec/github_records_archiver/comment_spec.rb": [
        1,
        8,
        8,
        5,
        null,
        1,
        7,
        7,
        null,
        null,
        1,
        1,
        1,
        null,
        null,
        1,
        1,
        null,
        null,
        1,
        1,
        1,
        1,
        null,
        null,
        1,
        1,
        1,
        null,
        null,
        null,
        1,
        1,
        2,
        null,
        null,
        3,
        null,
        1,
        1,
        null,
        null,
        1,
        1,
        null,
        null,
        null,
        1,
        1,
        1,
        null,
        null,
        1,
        1,
        1,
        null,
        null
      ],
      "/Users/benbalter/projects/github-records-archiver/lib/github_records_archiver/comment.rb": [
        1,
        1,
        1,
        1,
        null,
        1,
        null,
        1,
        10,
        10,
        10,
        null,
        null,
        1,
        5,
        5,
        5,
        null,
        null,
        1,
        null,
        2,
        28,
        null,
        null,
        1,
        2,
        2,
        2,
        null,
        null,
        null
      ],
      "/Users/benbalter/projects/github-records-archiver/lib/github_records_archiver/data_helper.rb": [
        1,
        1,
        1,
        null,
        1,
        33,
        2,
        2,
        null,
        0,
        null,
        null,
        null,
        1,
        4,
        2,
        null,
        2,
        null,
        null,
        null,
        1,
        3,
        null,
        1,
        null,
        1,
        3,
        null,
        null,
        1,
        0,
        null,
        null,
        1,
        null,
        1,
        37,
        null,
        null,
        1,
        6,
        null,
        null,
        null
      ],
      "/Users/benbalter/projects/github-records-archiver/spec/github_records_archiver/data_helper_spec.rb": [
        1,
        1,
        1,
        null,
        1,
        null,
        null,
        20,
        null,
        null,
        null,
        6,
        null,
        1,
        1,
        1,
        null,
        null,
        1,
        1,
        1,
        null,
        null,
        1,
        1,
        1,
        null,
        null,
        1,
        1,
        null,
        null,
        1,
        1,
        null,
        null
      ],
      "/Users/benbalter/projects/github-records-archiver/spec/github_records_archiver/git_repository_spec.rb": [
        null,
        1,
        1,
        1,
        10,
        null,
        null,
        1,
        null,
        1,
        2,
        null,
        null,
        null,
        1,
        2,
        null,
        null,
        3,
        null,
        1,
        1,
        1,
        null,
        null,
        1,
        1,
        1,
        1,
        null,
        null
      ],
      "/Users/benbalter/projects/github-records-archiver/lib/github_records_archiver/git_repository.rb": [
        1,
        1,
        null,
        1,
        1,
        3,
        1,
        1,
        null,
        null,
        2,
        null,
        null,
        null,
        1,
        0,
        null,
        null,
        1,
        null,
        1,
        0,
        null,
        null,
        null,
        null,
        null,
        1,
        3,
        3,
        3,
        null,
        null,
        null,
        null,
        1,
        3,
        3,
        3,
        3,
        null,
        null,
        null,
        1,
        3,
        3,
        3,
        3,
        null,
        null,
        null
      ],
      "/Users/benbalter/projects/github-records-archiver/spec/github_records_archiver/issue_spec.rb": [
        1,
        10,
        10,
        7,
        null,
        1,
        9,
        9,
        9,
        null,
        null,
        1,
        1,
        1,
        null,
        null,
        1,
        1,
        null,
        null,
        1,
        1,
        null,
        null,
        3,
        null,
        null,
        4,
        null,
        1,
        1,
        null,
        null,
        1,
        1,
        1,
        null,
        null,
        1,
        1,
        null,
        null,
        null,
        1,
        1,
        1,
        null,
        null,
        1,
        1,
        1,
        1,
        null,
        null,
        1,
        1,
        null,
        null,
        null,
        null,
        null,
        null,
        null,
        null,
        null,
        null,
        null,
        null,
        null,
        null,
        null,
        null,
        null,
        null,
        null,
        null,
        null,
        null,
        1,
        null,
        null,
        1,
        1,
        1,
        1,
        1,
        1,
        null,
        null
      ],
      "/Users/benbalter/projects/github-records-archiver/lib/github_records_archiver/issue.rb": [
        1,
        1,
        1,
        1,
        null,
        1,
        null,
        1,
        null,
        1,
        10,
        10,
        10,
        null,
        null,
        1,
        4,
        4,
        4,
        null,
        null,
        1,
        37,
        null,
        null,
        1,
        null,
        3,
        3,
        3,
        6,
        6,
        null,
        null,
        1,
        1,
        1,
        1,
        1,
        null,
        null,
        1,
        1,
        null,
        null,
        1,
        0,
        0,
        null,
        null,
        1,
        null,
        1,
        0,
        null,
        null,
        1,
        1,
        7,
        1,
        1,
        2,
        1,
        null,
        null,
        1,
        1,
        null,
        null,
        null
      ],
      "/Users/benbalter/projects/github-records-archiver/spec/github_records_archiver/organization_spec.rb": [
        1,
        5,
        5,
        null,
        1,
        4,
        4,
        4,
        null,
        null,
        1,
        1,
        null,
        null,
        1,
        1,
        1,
        null,
        null,
        1,
        1,
        1,
        1,
        null,
        null,
        1,
        1,
        1,
        null,
        null
      ],
      "/Users/benbalter/projects/github-records-archiver/lib/github_records_archiver/organization.rb": [
        1,
        1,
        1,
        null,
        1,
        null,
        1,
        16,
        null,
        null,
        1,
        16,
        null,
        null,
        1,
        null,
        1,
        2,
        2,
        null,
        1,
        null,
        1,
        null,
        1,
        2,
        null,
        0,
        2,
        null,
        null,
        1,
        null,
        0,
        0,
        0,
        0,
        null,
        null,
        1,
        null,
        0,
        0,
        0,
        0,
        null,
        null,
        null
      ],
      "/Users/benbalter/projects/github-records-archiver/spec/github_records_archiver/repository_spec.rb": [
        1,
        6,
        5,
        null,
        1,
        5,
        5,
        null,
        null,
        1,
        1,
        null,
        null,
        1,
        2,
        null,
        1,
        1,
        null,
        null,
        null,
        1,
        1,
        1,
        null,
        null,
        1,
        1,
        null,
        null,
        1,
        1,
        1,
        null,
        null
      ],
      "/Users/benbalter/projects/github-records-archiver/lib/github_records_archiver/repository.rb": [
        1,
        1,
        1,
        1,
        null,
        1,
        null,
        null,
        null,
        null,
        1,
        28,
        23,
        null,
        5,
        5,
        null,
        null,
        null,
        1,
        30,
        null,
        null,
        1,
        1,
        null,
        null,
        1,
        null,
        1,
        2,
        2,
        null,
        null,
        1,
        null,
        0,
        0,
        0,
        0,
        null,
        null,
        1,
        null,
        1,
        0,
        null,
        null,
        1,
        0,
        0,
        null,
        null,
        null
      ],
      "/Users/benbalter/projects/github-records-archiver/spec/github_records_archiver/team_spec.rb": [
        1,
        11,
        11,
        8,
        null,
        1,
        10,
        10,
        10,
        10,
        null,
        null,
        1,
        1,
        null,
        null,
        1,
        1,
        1,
        null,
        null,
        1,
        1,
        null,
        null,
        3,
        null,
        null,
        4,
        null,
        1,
        1,
        null,
        null,
        1,
        1,
        1,
        null,
        null,
        1,
        1,
        null,
        null,
        null,
        1,
        1,
        1,
        null,
        null,
        1,
        1,
        1,
        1,
        null,
        null,
        1,
        1,
        1,
        1,
        null,
        null,
        1,
        1,
        null,
        null,
        null,
        null,
        null,
        null,
        null,
        null,
        null,
        null,
        null,
        1,
        null,
        null,
        1,
        1,
        1,
        1,
        1,
        null,
        null
      ],
      "/Users/benbalter/projects/github-records-archiver/lib/github_records_archiver/team.rb": [
        1,
        1,
        1,
        1,
        null,
        1,
        null,
        1,
        null,
        1,
        11,
        11,
        11,
        null,
        null,
        1,
        4,
        4,
        4,
        null,
        null,
        1,
        9,
        null,
        null,
        1,
        null,
        3,
        6,
        4,
        null,
        null,
        1,
        null,
        2,
        4,
        3,
        null,
        null,
        1,
        0,
        null,
        null,
        1,
        1,
        null,
        null,
        1,
        1,
        null,
        null,
        1,
        null,
        1,
        0,
        null,
        null,
        1,
        1,
        6,
        1,
        1,
        1,
        null,
        null,
        null
      ],
      "/Users/benbalter/projects/github-records-archiver/spec/github_records_archiver/user_spec.rb": [
        1,
        5,
        3,
        null,
        1,
        4,
        null,
        null,
        1,
        1,
        1,
        null,
        null,
        1,
        1,
        null,
        null,
        2,
        null,
        null,
        3,
        null,
        1,
        1,
        null,
        null,
        1,
        1,
        null,
        null,
        null,
        1,
        1,
        1,
        null,
        null
      ],
      "/Users/benbalter/projects/github-records-archiver/lib/github_records_archiver/user.rb": [
        1,
        1,
        1,
        1,
        null,
        1,
        null,
        1,
        null,
        1,
        6,
        2,
        null,
        4,
        4,
        null,
        null,
        null,
        1,
        3,
        null,
        null,
        null
      ],
      "/Users/benbalter/projects/github-records-archiver/spec/github_records_archiver/wiki_spec.rb": [
        1,
        4,
        3,
        null,
        1,
        3,
        null,
        null,
        1,
        1,
        1,
        null,
        null,
        1,
        1,
        1,
        1,
        null,
        null,
        1,
        1,
        1,
        null,
        null,
        null,
        1,
        1,
        1,
        null,
        null
      ],
      "/Users/benbalter/projects/github-records-archiver/lib/github_records_archiver/wiki.rb": [
        1,
        1,
        1,
        null,
        1,
        null,
        1,
        4,
        2,
        null,
        2,
        null,
        null,
        null,
        1,
        1,
        1,
        null,
        null,
        1,
        null,
        1,
        0,
        null,
        null,
        null
      ],
      "/Users/benbalter/projects/github-records-archiver/spec/github_records_archiver_spec.rb": [
        1,
        1,
        5,
        null,
        null,
        1,
        1,
        1,
        null,
        null,
        null,
        1,
        1,
        1,
        1,
        null,
        null,
        null,
        1,
        1,
        1,
        null,
        null,
        1,
        1,
        1,
        null,
        null,
        null,
        1,
        1,
        null,
        null
      ]
    },
    "timestamp": 1522431694
  }
}
